d:\workspace\c&c++\vs2017\c\ch2\x64\debug\vc141.pdb
d:\workspace\c&c++\vs2017\c\ch2\x64\debug\vc141.idb
d:\workspace\c&c++\vs2017\c\ch2\x64\debug\ex2_11.obj
d:\workspace\c&c++\vs2017\c\ch2\x64\debug\ex2_2.obj
d:\workspace\c&c++\vs2017\c\ch2\x64\debug\ex2_3.obj
d:\workspace\c&c++\vs2017\c\ch2\x64\debug\ex2_4.obj
d:\workspace\c&c++\vs2017\c\ch2\x64\debug\ex2_5.obj
d:\workspace\c&c++\vs2017\c\ch2\x64\debug\ex2_6.obj
d:\workspace\c&c++\vs2017\c\ch2\x64\debug\ex2_7.obj
d:\workspace\c&c++\vs2017\c\ch2\x64\debug\ex2_8.obj
d:\workspace\c&c++\vs2017\c\ch2\x64\debug\ex2_9.obj
d:\workspace\c&c++\vs2017\c\ch2\x64\debug\hw1.obj
d:\workspace\c&c++\vs2017\c\ch2\x64\debug\hw10.obj
d:\workspace\c&c++\vs2017\c\ch2\x64\debug\hw2.obj
d:\workspace\c&c++\vs2017\c\ch2\x64\debug\hw3.obj
d:\workspace\c&c++\vs2017\c\ch2\x64\debug\hw4.obj
d:\workspace\c&c++\vs2017\c\ch2\x64\debug\hw5.obj
d:\workspace\c&c++\vs2017\c\ch2\x64\debug\hw6.obj
d:\workspace\c&c++\vs2017\c\ch2\x64\debug\hw7.obj
d:\workspace\c&c++\vs2017\c\ch2\x64\debug\hw8.obj
d:\workspace\c&c++\vs2017\c\ch2\x64\debug\hw9.obj
d:\workspace\c&c++\vs2017\c\ch2\x64\debug\main.obj
d:\workspace\c&c++\vs2017\c\ch2\x64\debug\ex2_1.obj
d:\workspace\c&c++\vs2017\c\ch2\x64\debug\ex2_10.obj
d:\workspace\c&c++\vs2017\c\x64\debug\ch2.exe
d:\workspace\c&c++\vs2017\c\x64\debug\ch2.ilk
d:\workspace\c&c++\vs2017\c\x64\debug\ch2.pdb
d:\workspace\c&c++\vs2017\c\ch2\x64\debug\ch2.tlog\cl.command.1.tlog
d:\workspace\c&c++\vs2017\c\ch2\x64\debug\ch2.tlog\cl.read.1.tlog
d:\workspace\c&c++\vs2017\c\ch2\x64\debug\ch2.tlog\cl.write.1.tlog
d:\workspace\c&c++\vs2017\c\ch2\x64\debug\ch2.tlog\link.command.1.tlog
d:\workspace\c&c++\vs2017\c\ch2\x64\debug\ch2.tlog\link.read.1.tlog
d:\workspace\c&c++\vs2017\c\ch2\x64\debug\ch2.tlog\link.write.1.tlog
