  ex2_1.c
ex2_1.c(12): fatal error C1010: 尋找先行編譯標頭檔指示詞時碰到未預期的檔案結尾。您的原始檔中是否忘了加上 '#include "stdafx.h"'?
  ex2_10.c
ex2_10.c(18): fatal error C1010: 尋找先行編譯標頭檔指示詞時碰到未預期的檔案結尾。您的原始檔中是否忘了加上 '#include "stdafx.h"'?
  ex2_11.c
ex2_11.c(21): fatal error C1010: 尋找先行編譯標頭檔指示詞時碰到未預期的檔案結尾。您的原始檔中是否忘了加上 '#include "stdafx.h"'?
  ex2_2.c
ex2_2.c(13): fatal error C1010: 尋找先行編譯標頭檔指示詞時碰到未預期的檔案結尾。您的原始檔中是否忘了加上 '#include "stdafx.h"'?
  ex2_3.c
ex2_3.c(17): fatal error C1010: 尋找先行編譯標頭檔指示詞時碰到未預期的檔案結尾。您的原始檔中是否忘了加上 '#include "stdafx.h"'?
  ex2_4.c
ex2_4.c(16): fatal error C1010: 尋找先行編譯標頭檔指示詞時碰到未預期的檔案結尾。您的原始檔中是否忘了加上 '#include "stdafx.h"'?
  ex2_5.c
ex2_5.c(21): fatal error C1010: 尋找先行編譯標頭檔指示詞時碰到未預期的檔案結尾。您的原始檔中是否忘了加上 '#include "stdafx.h"'?
  ex2_6.c
ex2_6.c(21): fatal error C1010: 尋找先行編譯標頭檔指示詞時碰到未預期的檔案結尾。您的原始檔中是否忘了加上 '#include "stdafx.h"'?
  ex2_7.c
ex2_7.c(18): fatal error C1010: 尋找先行編譯標頭檔指示詞時碰到未預期的檔案結尾。您的原始檔中是否忘了加上 '#include "stdafx.h"'?
  ex2_8.c
ex2_8.c(15): fatal error C1010: 尋找先行編譯標頭檔指示詞時碰到未預期的檔案結尾。您的原始檔中是否忘了加上 '#include "stdafx.h"'?
  ex2_9.c
ex2_9.c(30): fatal error C1010: 尋找先行編譯標頭檔指示詞時碰到未預期的檔案結尾。您的原始檔中是否忘了加上 '#include "stdafx.h"'?
  hw1.c
hw1.c(17): fatal error C1010: 尋找先行編譯標頭檔指示詞時碰到未預期的檔案結尾。您的原始檔中是否忘了加上 '#include "stdafx.h"'?
  hw10.c
hw10.c(27): fatal error C1010: 尋找先行編譯標頭檔指示詞時碰到未預期的檔案結尾。您的原始檔中是否忘了加上 '#include "stdafx.h"'?
  hw2.c
hw2.c(17): fatal error C1010: 尋找先行編譯標頭檔指示詞時碰到未預期的檔案結尾。您的原始檔中是否忘了加上 '#include "stdafx.h"'?
  hw3.c
hw3.c(20): fatal error C1010: 尋找先行編譯標頭檔指示詞時碰到未預期的檔案結尾。您的原始檔中是否忘了加上 '#include "stdafx.h"'?
  hw4.c
hw4.c(20): fatal error C1010: 尋找先行編譯標頭檔指示詞時碰到未預期的檔案結尾。您的原始檔中是否忘了加上 '#include "stdafx.h"'?
  hw5.c
hw5.c(20): fatal error C1010: 尋找先行編譯標頭檔指示詞時碰到未預期的檔案結尾。您的原始檔中是否忘了加上 '#include "stdafx.h"'?
  hw6.c
hw6.c(19): fatal error C1010: 尋找先行編譯標頭檔指示詞時碰到未預期的檔案結尾。您的原始檔中是否忘了加上 '#include "stdafx.h"'?
  hw7.c
hw7.c(22): fatal error C1010: 尋找先行編譯標頭檔指示詞時碰到未預期的檔案結尾。您的原始檔中是否忘了加上 '#include "stdafx.h"'?
  hw8.c
hw8.c(21): fatal error C1010: 尋找先行編譯標頭檔指示詞時碰到未預期的檔案結尾。您的原始檔中是否忘了加上 '#include "stdafx.h"'?
  正在編譯...
  hw9.c
hw9.c(30): fatal error C1010: 尋找先行編譯標頭檔指示詞時碰到未預期的檔案結尾。您的原始檔中是否忘了加上 '#include "stdafx.h"'?
  main.c
main.c(120): fatal error C1010: 尋找先行編譯標頭檔指示詞時碰到未預期的檔案結尾。您的原始檔中是否忘了加上 '#include "stdafx.h"'?
