d:\workspace\c&c++\vs2017\c\ch4\x64\debug\vc141.pdb
d:\workspace\c&c++\vs2017\c\ch4\x64\debug\vc141.idb
d:\workspace\c&c++\vs2017\c\ch4\x64\debug\ex4_3.obj
d:\workspace\c&c++\vs2017\c\ch4\x64\debug\ex4_4.obj
d:\workspace\c&c++\vs2017\c\ch4\x64\debug\ex7_2a.obj
d:\workspace\c&c++\vs2017\c\ch4\x64\debug\ex7_2b.obj
d:\workspace\c&c++\vs2017\c\ch4\x64\debug\ex7_2c.obj
d:\workspace\c&c++\vs2017\c\ch4\x64\debug\ex7_3a.obj
d:\workspace\c&c++\vs2017\c\ch4\x64\debug\ex7_3b.obj
d:\workspace\c&c++\vs2017\c\ch4\x64\debug\ex7_3c.obj
d:\workspace\c&c++\vs2017\c\ch4\x64\debug\ex7_3d.obj
d:\workspace\c&c++\vs2017\c\ch4\x64\debug\ex7_3e.obj
d:\workspace\c&c++\vs2017\c\ch4\x64\debug\ex7_4a.obj
d:\workspace\c&c++\vs2017\c\ch4\x64\debug\ex7_4b.obj
d:\workspace\c&c++\vs2017\c\ch4\x64\debug\ex7_4c.obj
d:\workspace\c&c++\vs2017\c\ch4\x64\debug\ex7_4d.obj
d:\workspace\c&c++\vs2017\c\ch4\x64\debug\hw1.obj
d:\workspace\c&c++\vs2017\c\ch4\x64\debug\hw2.obj
d:\workspace\c&c++\vs2017\c\ch4\x64\debug\hw3.obj
d:\workspace\c&c++\vs2017\c\ch4\x64\debug\hw4.obj
d:\workspace\c&c++\vs2017\c\ch4\x64\debug\hw5.obj
d:\workspace\c&c++\vs2017\c\ch4\x64\debug\main.obj
d:\workspace\c&c++\vs2017\c\ch4\x64\debug\binary_search.obj
d:\workspace\c&c++\vs2017\c\ch4\x64\debug\bubble_sort_a.obj
d:\workspace\c&c++\vs2017\c\ch4\x64\debug\bubble_sort_b.obj
d:\workspace\c&c++\vs2017\c\ch4\x64\debug\ex4_1.obj
d:\workspace\c&c++\vs2017\c\ch4\x64\debug\ex4_2.obj
d:\workspace\c&c++\vs2017\c\x64\debug\ch4.exe
d:\workspace\c&c++\vs2017\c\x64\debug\ch4.ilk
d:\workspace\c&c++\vs2017\c\x64\debug\ch4.pdb
d:\workspace\c&c++\vs2017\c\ch4\x64\debug\ch4.tlog\cl.command.1.tlog
d:\workspace\c&c++\vs2017\c\ch4\x64\debug\ch4.tlog\cl.read.1.tlog
d:\workspace\c&c++\vs2017\c\ch4\x64\debug\ch4.tlog\cl.write.1.tlog
d:\workspace\c&c++\vs2017\c\ch4\x64\debug\ch4.tlog\link.command.1.tlog
d:\workspace\c&c++\vs2017\c\ch4\x64\debug\ch4.tlog\link.read.1.tlog
d:\workspace\c&c++\vs2017\c\ch4\x64\debug\ch4.tlog\link.write.1.tlog
