  ex10_1a.c
ex10_1a.c(20): fatal error C1010: 尋找先行編譯標頭檔指示詞時碰到未預期的檔案結尾。您的原始檔中是否忘了加上 '#include "stdafx.h"'?
  ex10_1b.c
ex10_1b.c(22): fatal error C1010: 尋找先行編譯標頭檔指示詞時碰到未預期的檔案結尾。您的原始檔中是否忘了加上 '#include "stdafx.h"'?
  ex10_1c.c
ex10_1c.c(36): fatal error C1010: 尋找先行編譯標頭檔指示詞時碰到未預期的檔案結尾。您的原始檔中是否忘了加上 '#include "stdafx.h"'?
  ex5_1.c
ex5_1.c(28): fatal error C1010: 尋找先行編譯標頭檔指示詞時碰到未預期的檔案結尾。您的原始檔中是否忘了加上 '#include "stdafx.h"'?
  ex5_2.c
ex5_2.c(37): fatal error C1010: 尋找先行編譯標頭檔指示詞時碰到未預期的檔案結尾。您的原始檔中是否忘了加上 '#include "stdafx.h"'?
  ex5_3.c
ex5_3.c(20): fatal error C1010: 尋找先行編譯標頭檔指示詞時碰到未預期的檔案結尾。您的原始檔中是否忘了加上 '#include "stdafx.h"'?
  ex5_4.c
ex5_4.c(20): fatal error C1010: 尋找先行編譯標頭檔指示詞時碰到未預期的檔案結尾。您的原始檔中是否忘了加上 '#include "stdafx.h"'?
  ex5_5.c
ex5_5.c(21): fatal error C1010: 尋找先行編譯標頭檔指示詞時碰到未預期的檔案結尾。您的原始檔中是否忘了加上 '#include "stdafx.h"'?
  ex5_ex1.c
ex5_ex1.c(22): fatal error C1010: 尋找先行編譯標頭檔指示詞時碰到未預期的檔案結尾。您的原始檔中是否忘了加上 '#include "stdafx.h"'?
  ex5_ex2.c
ex5_ex2.c(15): fatal error C1010: 尋找先行編譯標頭檔指示詞時碰到未預期的檔案結尾。您的原始檔中是否忘了加上 '#include "stdafx.h"'?
  ex7_2a.c
ex7_2a.c(21): fatal error C1010: 尋找先行編譯標頭檔指示詞時碰到未預期的檔案結尾。您的原始檔中是否忘了加上 '#include "stdafx.h"'?
  ex7_2b.c
ex7_2b.c(15): fatal error C1010: 尋找先行編譯標頭檔指示詞時碰到未預期的檔案結尾。您的原始檔中是否忘了加上 '#include "stdafx.h"'?
  ex7_2c.c
ex7_2c.c(24): fatal error C1010: 尋找先行編譯標頭檔指示詞時碰到未預期的檔案結尾。您的原始檔中是否忘了加上 '#include "stdafx.h"'?
  ex7_3a.c
ex7_3a.c(21): fatal error C1010: 尋找先行編譯標頭檔指示詞時碰到未預期的檔案結尾。您的原始檔中是否忘了加上 '#include "stdafx.h"'?
  ex7_3b.c
ex7_3b.c(28): fatal error C1010: 尋找先行編譯標頭檔指示詞時碰到未預期的檔案結尾。您的原始檔中是否忘了加上 '#include "stdafx.h"'?
  ex7_3c.c
ex7_3c.c(24): fatal error C1010: 尋找先行編譯標頭檔指示詞時碰到未預期的檔案結尾。您的原始檔中是否忘了加上 '#include "stdafx.h"'?
  ex7_3d.c
ex7_3d.c(15): fatal error C1010: 尋找先行編譯標頭檔指示詞時碰到未預期的檔案結尾。您的原始檔中是否忘了加上 '#include "stdafx.h"'?
  ex7_3e.c
ex7_3e.c(15): fatal error C1010: 尋找先行編譯標頭檔指示詞時碰到未預期的檔案結尾。您的原始檔中是否忘了加上 '#include "stdafx.h"'?
  ex7_4a.c
ex7_4a.c(44): fatal error C1010: 尋找先行編譯標頭檔指示詞時碰到未預期的檔案結尾。您的原始檔中是否忘了加上 '#include "stdafx.h"'?
  ex7_4b.c
ex7_4b.c(46): fatal error C1010: 尋找先行編譯標頭檔指示詞時碰到未預期的檔案結尾。您的原始檔中是否忘了加上 '#include "stdafx.h"'?
  正在編譯...
  ex7_4c.c
ex7_4c.c(65): fatal error C1010: 尋找先行編譯標頭檔指示詞時碰到未預期的檔案結尾。您的原始檔中是否忘了加上 '#include "stdafx.h"'?
  ex7_4d.c
ex7_4d.c(52): fatal error C1010: 尋找先行編譯標頭檔指示詞時碰到未預期的檔案結尾。您的原始檔中是否忘了加上 '#include "stdafx.h"'?
  main.c
main.c(116): fatal error C1010: 尋找先行編譯標頭檔指示詞時碰到未預期的檔案結尾。您的原始檔中是否忘了加上 '#include "stdafx.h"'?
