d:\workspace\c&c++\vs2017\c\ch5\x64\debug\vc141.pdb
d:\workspace\c&c++\vs2017\c\ch5\x64\debug\vc141.idb
d:\workspace\c&c++\vs2017\c\ch5\x64\debug\ex5_1.obj
d:\workspace\c&c++\vs2017\c\ch5\x64\debug\ex5_2.obj
d:\workspace\c&c++\vs2017\c\ch5\x64\debug\ex5_3.obj
d:\workspace\c&c++\vs2017\c\ch5\x64\debug\main.obj
d:\workspace\c&c++\vs2017\c\ch5\x64\debug\ex5_4.obj
d:\workspace\c&c++\vs2017\c\ch5\x64\debug\ex5_5.obj
e:\workspace\c&c++\vs2017\c\ch5\x64\debug\vc141.pdb
e:\workspace\c&c++\vs2017\c\ch5\x64\debug\vc141.idb
e:\workspace\c&c++\vs2017\c\ch5\x64\debug\ex5_1.obj
e:\workspace\c&c++\vs2017\c\ch5\x64\debug\ex5_2.obj
e:\workspace\c&c++\vs2017\c\ch5\x64\debug\ex5_3.obj
e:\workspace\c&c++\vs2017\c\ch5\x64\debug\ex5_4.obj
e:\workspace\c&c++\vs2017\c\ch5\x64\debug\ex5_5.obj
e:\workspace\c&c++\vs2017\c\ch5\x64\debug\ex7_2a.obj
e:\workspace\c&c++\vs2017\c\ch5\x64\debug\ex7_2b.obj
e:\workspace\c&c++\vs2017\c\ch5\x64\debug\ex7_2c.obj
e:\workspace\c&c++\vs2017\c\ch5\x64\debug\ex7_3a.obj
e:\workspace\c&c++\vs2017\c\ch5\x64\debug\ex7_3b.obj
e:\workspace\c&c++\vs2017\c\ch5\x64\debug\ex7_3c.obj
e:\workspace\c&c++\vs2017\c\ch5\x64\debug\ex7_3d.obj
e:\workspace\c&c++\vs2017\c\ch5\x64\debug\ex7_3e.obj
e:\workspace\c&c++\vs2017\c\ch5\x64\debug\ex7_4a.obj
e:\workspace\c&c++\vs2017\c\ch5\x64\debug\ex7_4b.obj
e:\workspace\c&c++\vs2017\c\ch5\x64\debug\ex7_4c.obj
e:\workspace\c&c++\vs2017\c\ch5\x64\debug\ex7_4d.obj
e:\workspace\c&c++\vs2017\c\ch5\x64\debug\main.obj
e:\workspace\c&c++\vs2017\c\ch5\x64\debug\ex10_1a.obj
e:\workspace\c&c++\vs2017\c\ch5\x64\debug\ex10_1b.obj
d:\workspace\c&c++\vs2017\c\x64\debug\ch5.exe
d:\workspace\c&c++\vs2017\c\x64\debug\ch5.ilk
d:\workspace\c&c++\vs2017\c\x64\debug\ch5.pdb
e:\workspace\c&c++\vs2017\c\x64\debug\ch5.ilk
e:\workspace\c&c++\vs2017\c\x64\debug\ch5.exe
e:\workspace\c&c++\vs2017\c\x64\debug\ch5.pdb
e:\workspace\c&c++\vs2017\c\ch5\x64\debug\ch5.tlog\cl.command.1.tlog
e:\workspace\c&c++\vs2017\c\ch5\x64\debug\ch5.tlog\cl.read.1.tlog
e:\workspace\c&c++\vs2017\c\ch5\x64\debug\ch5.tlog\cl.write.1.tlog
e:\workspace\c&c++\vs2017\c\ch5\x64\debug\ch5.tlog\link.command.1.tlog
e:\workspace\c&c++\vs2017\c\ch5\x64\debug\ch5.tlog\link.read.1.tlog
e:\workspace\c&c++\vs2017\c\ch5\x64\debug\ch5.tlog\link.write.1.tlog
