d:\workspace\c&c++\vs2017\c\ch1\x64\debug\ch1.pch
d:\workspace\c&c++\vs2017\c\ch1\x64\debug\vc141.pdb
d:\workspace\c&c++\vs2017\c\ch1\x64\debug\vc141.idb
d:\workspace\c&c++\vs2017\c\ch1\x64\debug\stdafx.obj
d:\workspace\c&c++\vs2017\c\ch1\x64\debug\ex1_1.obj
d:\workspace\c&c++\vs2017\c\ch1\x64\debug\ex1_2.obj
d:\workspace\c&c++\vs2017\c\ch1\x64\debug\ex1_3.obj
d:\workspace\c&c++\vs2017\c\ch1\x64\debug\ex1_4.obj
d:\workspace\c&c++\vs2017\c\ch1\x64\debug\ex1_5.obj
d:\workspace\c&c++\vs2017\c\ch1\x64\debug\ex1_6.obj
d:\workspace\c&c++\vs2017\c\ch1\x64\debug\ex1_7.obj
d:\workspace\c&c++\vs2017\c\ch1\x64\debug\hw1.obj
d:\workspace\c&c++\vs2017\c\ch1\x64\debug\hw2.obj
d:\workspace\c&c++\vs2017\c\ch1\x64\debug\hw3.obj
d:\workspace\c&c++\vs2017\c\ch1\x64\debug\hw4.obj
d:\workspace\c&c++\vs2017\c\ch1\x64\debug\main.obj
d:\workspace\c&c++\vs2017\c\x64\debug\ch1.exe
d:\workspace\c&c++\vs2017\c\x64\debug\ch1.ilk
d:\workspace\c&c++\vs2017\c\x64\debug\ch1.pdb
d:\workspace\c&c++\vs2017\c\ch1\x64\debug\ch1.tlog\cl.command.1.tlog
d:\workspace\c&c++\vs2017\c\ch1\x64\debug\ch1.tlog\cl.read.1.tlog
d:\workspace\c&c++\vs2017\c\ch1\x64\debug\ch1.tlog\cl.write.1.tlog
d:\workspace\c&c++\vs2017\c\ch1\x64\debug\ch1.tlog\link.command.1.tlog
d:\workspace\c&c++\vs2017\c\ch1\x64\debug\ch1.tlog\link.read.1.tlog
d:\workspace\c&c++\vs2017\c\ch1\x64\debug\ch1.tlog\link.write.1.tlog
