d:\workspace\c&c++\vs2017\c\struct\x64\debug\vc141.pdb
d:\workspace\c&c++\vs2017\c\struct\x64\debug\vc141.idb
d:\workspace\c&c++\vs2017\c\struct\x64\debug\ex_1_1.obj
d:\workspace\c&c++\vs2017\c\struct\x64\debug\ex_1a.obj
d:\workspace\c&c++\vs2017\c\struct\x64\debug\ex_1b.obj
d:\workspace\c&c++\vs2017\c\struct\x64\debug\ex_1c.obj
d:\workspace\c&c++\vs2017\c\struct\x64\debug\ex_1_2.obj
d:\workspace\c&c++\vs2017\c\struct\x64\debug\ex_2a.obj
d:\workspace\c&c++\vs2017\c\struct\x64\debug\ex_2b.obj
d:\workspace\c&c++\vs2017\c\struct\x64\debug\ex_3b.obj
d:\workspace\c&c++\vs2017\c\struct\x64\debug\main.obj
d:\workspace\c&c++\vs2017\c\struct\x64\debug\test.obj
d:\workspace\c&c++\vs2017\c\struct\x64\debug\ex_3a.obj
d:\workspace\c&c++\vs2017\c\struct\x64\debug\ex_3_1.obj
d:\workspace\c&c++\vs2017\c\struct\x64\debug\ex_4a.obj
d:\workspace\c&c++\vs2017\c\struct\x64\debug\ex_4b.obj
d:\workspace\c&c++\vs2017\c\struct\x64\debug\ex_4c.obj
d:\workspace\c&c++\vs2017\c\struct\x64\debug\ex_4d.obj
d:\workspace\c&c++\vs2017\c\x64\debug\struct.ilk
d:\workspace\c&c++\vs2017\c\x64\debug\struct.exe
d:\workspace\c&c++\vs2017\c\x64\debug\struct.pdb
u:\workspace\c&c++\vs2017\c\struct\x64\debug\ex_1a.obj
u:\workspace\c&c++\vs2017\c\struct\x64\debug\ex_1b.obj
u:\workspace\c&c++\vs2017\c\struct\x64\debug\ex_1c.obj
u:\workspace\c&c++\vs2017\c\struct\x64\debug\ex_1_1.obj
u:\workspace\c&c++\vs2017\c\struct\x64\debug\ex_1_2.obj
u:\workspace\c&c++\vs2017\c\struct\x64\debug\ex_2a.obj
u:\workspace\c&c++\vs2017\c\struct\x64\debug\ex_2b.obj
u:\workspace\c&c++\vs2017\c\struct\x64\debug\ex_3a.obj
u:\workspace\c&c++\vs2017\c\struct\x64\debug\ex_3b.obj
u:\workspace\c&c++\vs2017\c\struct\x64\debug\ex_3_1.obj
u:\workspace\c&c++\vs2017\c\struct\x64\debug\ex_4a.obj
u:\workspace\c&c++\vs2017\c\struct\x64\debug\ex_4b.obj
u:\workspace\c&c++\vs2017\c\struct\x64\debug\ex_4c.obj
u:\workspace\c&c++\vs2017\c\struct\x64\debug\ex_4d.obj
u:\workspace\c&c++\vs2017\c\struct\x64\debug\main.obj
u:\workspace\c&c++\vs2017\c\struct\x64\debug\test.obj
u:\workspace\c&c++\vs2017\c\struct\x64\debug\vc141.idb
u:\workspace\c&c++\vs2017\c\struct\x64\debug\vc141.pdb
u:\workspace\c&c++\vs2017\c\x64\debug\struct.pdb
u:\workspace\c&c++\vs2017\c\x64\debug\struct.exe
u:\workspace\c&c++\vs2017\c\x64\debug\struct.ilk
u:\workspace\c&c++\vs2017\c\struct\x64\debug\struct.tlog\cl.command.1.tlog
u:\workspace\c&c++\vs2017\c\struct\x64\debug\struct.tlog\cl.read.1.tlog
u:\workspace\c&c++\vs2017\c\struct\x64\debug\struct.tlog\cl.write.1.tlog
u:\workspace\c&c++\vs2017\c\struct\x64\debug\struct.tlog\link.command.1.tlog
u:\workspace\c&c++\vs2017\c\struct\x64\debug\struct.tlog\link.read.1.tlog
u:\workspace\c&c++\vs2017\c\struct\x64\debug\struct.tlog\link.write.1.tlog
