d:\workspace\c&c++\vs2017\c\ch3\x64\debug\ch3.pch
d:\workspace\c&c++\vs2017\c\ch3\x64\debug\vc141.pdb
d:\workspace\c&c++\vs2017\c\ch3\x64\debug\vc141.idb
d:\workspace\c&c++\vs2017\c\ch3\x64\debug\stdafx.obj
d:\workspace\c&c++\vs2017\c\ch3\x64\debug\ex3_1.obj
d:\workspace\c&c++\vs2017\c\ch3\x64\debug\ex3_2.obj
d:\workspace\c&c++\vs2017\c\ch3\x64\debug\ex3_3.obj
d:\workspace\c&c++\vs2017\c\ch3\x64\debug\ex3_4.obj
d:\workspace\c&c++\vs2017\c\ch3\x64\debug\ex3_5.obj
d:\workspace\c&c++\vs2017\c\ch3\x64\debug\ex3_6.obj
d:\workspace\c&c++\vs2017\c\ch3\x64\debug\ex3_7.obj
d:\workspace\c&c++\vs2017\c\ch3\x64\debug\ex3_8.obj
d:\workspace\c&c++\vs2017\c\ch3\x64\debug\hw1.obj
d:\workspace\c&c++\vs2017\c\ch3\x64\debug\hw2.obj
d:\workspace\c&c++\vs2017\c\ch3\x64\debug\hw3.obj
d:\workspace\c&c++\vs2017\c\ch3\x64\debug\hw4.obj
d:\workspace\c&c++\vs2017\c\ch3\x64\debug\hw5.obj
d:\workspace\c&c++\vs2017\c\ch3\x64\debug\hw6.obj
d:\workspace\c&c++\vs2017\c\ch3\x64\debug\main.obj
d:\workspace\c&c++\vs2017\c\x64\debug\ch3.exe
d:\workspace\c&c++\vs2017\c\x64\debug\ch3.ilk
d:\workspace\c&c++\vs2017\c\x64\debug\ch3.pdb
d:\workspace\c&c++\vs2017\c\ch3\x64\debug\ch3.tlog\cl.command.1.tlog
d:\workspace\c&c++\vs2017\c\ch3\x64\debug\ch3.tlog\cl.read.1.tlog
d:\workspace\c&c++\vs2017\c\ch3\x64\debug\ch3.tlog\cl.write.1.tlog
d:\workspace\c&c++\vs2017\c\ch3\x64\debug\ch3.tlog\link.command.1.tlog
d:\workspace\c&c++\vs2017\c\ch3\x64\debug\ch3.tlog\link.read.1.tlog
d:\workspace\c&c++\vs2017\c\ch3\x64\debug\ch3.tlog\link.write.1.tlog
