d:\workspace\c&c++\vs2017\c\x64\release\ch9.ipdb
d:\workspace\c&c++\vs2017\c\x64\release\ch9.iobj
d:\workspace\c&c++\vs2017\c\ch9\x64\release\ch9.pch
d:\workspace\c&c++\vs2017\c\ch9\x64\release\vc141.pdb
d:\workspace\c&c++\vs2017\c\ch9\x64\release\stdafx.obj
d:\workspace\c&c++\vs2017\c\ch9\x64\release\ch9.obj
d:\workspace\c&c++\vs2017\c\ch9\x64\release\main.obj
d:\workspace\c&c++\vs2017\c\ch9\x64\release\ex9_1.obj
d:\workspace\c&c++\vs2017\c\ch9\x64\release\ex9_2.obj
d:\workspace\c&c++\vs2017\c\ch9\x64\release\ex9_3.obj
d:\workspace\c&c++\vs2017\c\ch9\x64\release\ex9_1d.obj
d:\workspace\c&c++\vs2017\c\ch9\x64\release\ex9_1c.obj
d:\workspace\c&c++\vs2017\c\ch9\x64\release\ex9_1b.obj
d:\workspace\c&c++\vs2017\c\ch9\x64\release\ex9_1a.obj
d:\workspace\c&c++\vs2017\c\x64\release\ch9.exe
d:\workspace\c&c++\vs2017\c\x64\release\ch9.pdb
d:\workspace\c&c++\vs2017\c\ch9\x64\release\ch9.tlog\ch9.write.1u.tlog
d:\workspace\c&c++\vs2017\c\ch9\x64\release\ch9.tlog\cl.command.1.tlog
d:\workspace\c&c++\vs2017\c\ch9\x64\release\ch9.tlog\cl.read.1.tlog
d:\workspace\c&c++\vs2017\c\ch9\x64\release\ch9.tlog\cl.write.1.tlog
d:\workspace\c&c++\vs2017\c\ch9\x64\release\ch9.tlog\link.command.1.tlog
d:\workspace\c&c++\vs2017\c\ch9\x64\release\ch9.tlog\link.read.1.tlog
d:\workspace\c&c++\vs2017\c\ch9\x64\release\ch9.tlog\link.write.1.tlog
