u:\workspace\c&c++\vs2017\c\字元與字串庫存函數\x64\release\vc141.pdb
u:\workspace\c&c++\vs2017\c\字元與字串庫存函數\x64\release\ex_4c.obj
u:\workspace\c&c++\vs2017\c\字元與字串庫存函數\x64\release\ex_4b.obj
u:\workspace\c&c++\vs2017\c\字元與字串庫存函數\x64\release\ex_4a.obj
u:\workspace\c&c++\vs2017\c\字元與字串庫存函數\x64\release\ex_3i.obj
u:\workspace\c&c++\vs2017\c\字元與字串庫存函數\x64\release\ex_3h.obj
u:\workspace\c&c++\vs2017\c\字元與字串庫存函數\x64\release\ex_3g.obj
u:\workspace\c&c++\vs2017\c\字元與字串庫存函數\x64\release\ex_3f.obj
u:\workspace\c&c++\vs2017\c\字元與字串庫存函數\x64\release\ex_3e.obj
u:\workspace\c&c++\vs2017\c\字元與字串庫存函數\x64\release\ex_3d.obj
u:\workspace\c&c++\vs2017\c\字元與字串庫存函數\x64\release\ex_3c.obj
u:\workspace\c&c++\vs2017\c\字元與字串庫存函數\x64\release\ex_3b.obj
u:\workspace\c&c++\vs2017\c\字元與字串庫存函數\x64\release\ex_3a.obj
u:\workspace\c&c++\vs2017\c\字元與字串庫存函數\x64\release\ex_2d.obj
u:\workspace\c&c++\vs2017\c\字元與字串庫存函數\x64\release\ex_2c.obj
u:\workspace\c&c++\vs2017\c\字元與字串庫存函數\x64\release\ex_2b.obj
u:\workspace\c&c++\vs2017\c\字元與字串庫存函數\x64\release\ex_2a.obj
u:\workspace\c&c++\vs2017\c\字元與字串庫存函數\x64\release\ex_1d.obj
u:\workspace\c&c++\vs2017\c\字元與字串庫存函數\x64\release\ex_1c.obj
u:\workspace\c&c++\vs2017\c\字元與字串庫存函數\x64\release\ex_1b.obj
u:\workspace\c&c++\vs2017\c\字元與字串庫存函數\x64\release\ex_1a.obj
u:\workspace\c&c++\vs2017\c\字元與字串庫存函數\x64\release\字元與字串庫存函數.tlog\cl.command.1.tlog
u:\workspace\c&c++\vs2017\c\字元與字串庫存函數\x64\release\字元與字串庫存函數.tlog\cl.read.1.tlog
u:\workspace\c&c++\vs2017\c\字元與字串庫存函數\x64\release\字元與字串庫存函數.tlog\cl.write.1.tlog
